2014-06-03 09:14:19,166 DEBUG root - Enter class SystemData method init : Initialize System Data. 
2014-06-03 09:14:19,174 DEBUG root - sender : dfitc 
2014-06-03 09:14:19,174 DEBUG root - host : dfitc-PC 
2014-06-03 09:14:19,174 DEBUG root - osVersion : Windows 7#6.1 
2014-06-03 09:14:19,174 DEBUG root - encoding : UTF-8 
2014-06-03 09:14:19,174 DEBUG root - Exit class SystemData method init : Initialize System Data. 
2014-06-03 09:14:19,178 DEBUG root - false 
2014-06-03 09:14:19,178 DEBUG root - false 
2014-06-03 09:14:19,433 DEBUG root - Start Receiving UDP Packet Thread ... 
2014-06-03 09:14:19,434 INFO root - Enter method : Sender::getBroadcastAddress 
2014-06-03 09:14:19,434 DEBUG root - begin receive packet 
2014-06-03 09:14:19,434 INFO root - Local Address : 172.16.16.153 
2014-06-03 09:14:19,439 INFO root - Network Interface of 172.16.16.153 is Realtek PCIe GBE Family Controller 
2014-06-03 09:14:19,440 INFO root - Address of Realtek PCIe GBE Family Controller fe80:0:0:0:a4fa:c042:dfe9:4cdd%11 
2014-06-03 09:14:19,440 INFO root - Address of Realtek PCIe GBE Family Controller 172.16.16.153 
2014-06-03 09:14:19,440 INFO root - Exit method : Sender::getBroadcastAddress 
2014-06-03 09:14:19,440 DEBUG root - receive message : 1:1401758059434:dfitc:dfitc-PC:257:dfitc 
2014-06-03 09:14:19,450 DEBUG root - begin receive packet 
2014-06-03 09:14:19,451 DEBUG root - receive message : 1:1401758059436:dfitc:dfitc-PC:259:dfitc 
2014-06-03 09:14:19,451 DEBUG root - ip : 172.16.16.153 nickname : dfitc 
2014-06-03 09:14:19,451 DEBUG root - begin receive packet 
2014-06-03 09:14:20,965 DEBUG root - user nick name is soyang 
